<?xml version="1.0" encoding="UTF-8"?>
<testng-results ignored="0" total="1" passed="1" failed="0" skipped="0">
  <reporter-output>
  </reporter-output>
  <suite started-at="2021-09-13T11:47:00 PDT" name="Default suite" finished-at="2021-09-13T11:47:05 PDT" duration-ms="4983">
    <groups>
    </groups>
    <test started-at="2021-09-13T11:47:00 PDT" name="Default test" finished-at="2021-09-13T11:47:05 PDT" duration-ms="4983">
      <class name="AutomationProject.MavenJava.Test1">
        <test-method is-config="true" signature="config()[pri:0, instance:AutomationProject.MavenJava.Test1@79da8dc5]" started-at="2021-09-13T11:47:00 PDT" name="config" finished-at="2021-09-13T11:47:00 PDT" duration-ms="337" status="PASS">
          <reporter-output>
          </reporter-output>
        </test-method> <!-- config -->
        <test-method signature="function1()[pri:0, instance:AutomationProject.MavenJava.Test1@79da8dc5]" started-at="2021-09-13T11:47:00 PDT" name="function1" finished-at="2021-09-13T11:47:05 PDT" duration-ms="4611" status="PASS">
          <reporter-output>
          </reporter-output>
        </test-method> <!-- function1 -->
      </class> <!-- AutomationProject.MavenJava.Test1 -->
    </test> <!-- Default test -->
  </suite> <!-- Default suite -->
</testng-results>
